 ⚠ `eslint` configuration in next.config.mjs is no longer supported. See more info here: https://nextjs.org/docs/app/api-reference/cli/next#next-lint-options
 ⚠ Invalid next.config.mjs options detected: 
 ⚠     Unrecognized key(s) in object: 'appDir' at "experimental"
 ⚠     Unrecognized key(s) in object: 'eslint'
 ⚠ See more info here: https://nextjs.org/docs/messages/invalid-next-config
 ⚠ Warning: Next.js inferred your workspace root, but it may not be correct.
 We detected multiple lockfiles and selected the directory of /root/package-lock.json as the root directory.
 To silence this warning, set `turbopack.root` in your Next.js config, or consider removing one of the lockfiles if it's not needed.
   See https://nextjs.org/docs/app/api-reference/config/next-config-js/turbopack#root-directory for more information.
 Detected additional lockfiles: 
   * /root/arc-dapp/package-lock.json

   ▲ Next.js 16.0.5 (Turbopack)
   - Local:         http://localhost:3012
   - Network:       http://198.7.125.48:3012
   - Environments: .env.local, .env
   - Experiments (use with caution):
     ? appDir (invalid experimental key)

 ✓ Starting...
[baseline-browser-mapping] The data in this module is over two months old.  To ensure accurate Baseline data, please update: `npm i baseline-browser-mapping@latest -D`
 ✓ Ready in 556ms
 GET /api/health 200 in 553ms (compile: 533ms, render: 20ms)
   skipping /api/intents/store (conflict)
 ⚠ Duplicate page detected. pages/api/intents/store.js and app/api/intents/store/route.ts resolve to /api/intents/store
 ⚠ Found a change in next.config.mjs. Restarting the server to apply the changes...
 ⚠ `eslint` configuration in next.config.mjs is no longer supported. See more info here: https://nextjs.org/docs/app/api-reference/cli/next#next-lint-options
 ⚠ Invalid next.config.mjs options detected: 
 ⚠     Unrecognized key(s) in object: 'appDir', 'turbo' at "experimental"
 ⚠     Unrecognized key(s) in object: 'eslint'
 ⚠ See more info here: https://nextjs.org/docs/messages/invalid-next-config
 ⚠ Warning: Next.js inferred your workspace root, but it may not be correct.
 We detected multiple lockfiles and selected the directory of /root/package-lock.json as the root directory.
 To silence this warning, set `turbopack.root` in your Next.js config, or consider removing one of the lockfiles if it's not needed.
   See https://nextjs.org/docs/app/api-reference/config/next-config-js/turbopack#root-directory for more information.
 Detected additional lockfiles: 
   * /root/arc-dapp/package-lock.json

   ▲ Next.js 16.0.5 (Turbopack)
   - Local:         http://localhost:3012
   - Network:       http://198.7.125.48:3012
   - Environments: .env.local, .env
   - Experiments (use with caution):
     ? appDir (invalid experimental key)
     ? turbo (invalid experimental key)

 ✓ Starting...
[baseline-browser-mapping] The data in this module is over two months old.  To ensure accurate Baseline data, please update: `npm i baseline-browser-mapping@latest -D`
 ⨯ Unable to acquire lock at /root/arc-dapp/.next/dev/lock, is another instance of next dev running?
   Suggestion: If you intended to restart next dev, terminate the other process, and then try again.
[?25h
